*** Starting uWSGI 2.0.18 (64bit) on [Tue Aug 18 21:49:54 2020] ***
compiled with version: 7.4.0 on 29 December 2019 14:48:00
os: Linux-5.4.0-42-generic #46~18.04.1-Ubuntu SMP Fri Jul 10 07:21:24 UTC 2020
nodename: tedu
machine: x86_64
clock source: unix
detected number of CPU cores: 2
current working directory: /home/tarena/tedu/vip/day08/mysite7/mysite7
writing pidfile to uwsgi.pid
detected binary path: /usr/local/bin/uwsgi
!!! no internal routing support, rebuild with pcre support !!!
chdir() to /home/tarena/tedu/vip/day08/mysite7
your processes number limit is 15358
your memory page size is 4096 bytes
detected max file descriptor number: 1024
lock engine: pthread robust mutexes
thunder lock: disabled (you can enable it with --thunder-lock)
uWSGI http bound on 127.0.0.1:8000 fd 4
uwsgi socket 0 bound to TCP address 127.0.0.1:44975 (port auto-assigned) fd 3
Python version: 3.6.9 (default, Jul 17 2020, 12:50:27)  [GCC 8.4.0]
Python main interpreter initialized at 0x558ac2e056f0
python threads support enabled
your server socket listen backlog is limited to 100 connections
your mercy for graceful operations on workers is 60 seconds
mapped 166752 bytes (162 KB) for 2 cores
*** Operational MODE: threaded ***
WSGI app 0 (mountpoint='') ready in 2 seconds on interpreter 0x558ac2e056f0 pid: 19383 (default app)
*** uWSGI is running in multiple interpreter mode ***
spawned uWSGI master process (pid: 19383)
spawned uWSGI worker 1 (pid: 19417, cores: 2)
spawned uWSGI http 1 (pid: 19418)
MyMW process_request do ---
MyMW2 process_request do ---
MyMW process_views do ---
MyMW2 process_views do ---
MyMW2 process_response do ---
MyMW process_response do ---
[pid: 19417|app: 0|req: 1/1] 127.0.0.1 () {38 vars in 760 bytes} [Tue Aug 18 13:52:03 2020] GET /test_upload => generated 521 bytes in 67 msecs (HTTP/1.1 200) 5 headers in 291 bytes (1 switches on core 0)
SIGINT/SIGQUIT received...killing workers...
gateway "uWSGI http 1" has been buried (pid: 19418)
worker 1 buried after 1 seconds
goodbye to uWSGI.
*** Starting uWSGI 2.0.18 (64bit) on [Wed Aug 19 08:52:59 2020] ***
compiled with version: 7.4.0 on 29 December 2019 14:48:00
os: Linux-5.4.0-42-generic #46~18.04.1-Ubuntu SMP Fri Jul 10 07:21:24 UTC 2020
nodename: tedu
machine: x86_64
clock source: unix
detected number of CPU cores: 2
current working directory: /home/tarena/tedu/vip/day08/mysite7/mysite7
writing pidfile to uwsgi.pid
detected binary path: /usr/local/bin/uwsgi
!!! no internal routing support, rebuild with pcre support !!!
chdir() to /home/tarena/tedu/vip/day08/mysite7
your processes number limit is 15358
your memory page size is 4096 bytes
detected max file descriptor number: 1024
lock engine: pthread robust mutexes
thunder lock: disabled (you can enable it with --thunder-lock)
uWSGI http bound on 127.0.0.1:8000 fd 4
uwsgi socket 0 bound to TCP address 127.0.0.1:32959 (port auto-assigned) fd 3
Python version: 3.6.9 (default, Jul 17 2020, 12:50:27)  [GCC 8.4.0]
Python main interpreter initialized at 0x55754c8286f0
python threads support enabled
your server socket listen backlog is limited to 100 connections
your mercy for graceful operations on workers is 60 seconds
mapped 166752 bytes (162 KB) for 2 cores
*** Operational MODE: threaded ***
WSGI app 0 (mountpoint='') ready in 1 seconds on interpreter 0x55754c8286f0 pid: 23498 (default app)
*** uWSGI is running in multiple interpreter mode ***
spawned uWSGI master process (pid: 23498)
spawned uWSGI worker 1 (pid: 23533, cores: 2)
spawned uWSGI http 1 (pid: 23534)
*** Starting uWSGI 2.0.18 (64bit) on [Wed Aug 19 08:56:11 2020] ***
compiled with version: 7.4.0 on 29 December 2019 14:48:00
os: Linux-5.4.0-42-generic #46~18.04.1-Ubuntu SMP Fri Jul 10 07:21:24 UTC 2020
nodename: tedu
machine: x86_64
clock source: unix
detected number of CPU cores: 2
current working directory: /home/tarena/tedu/vip/day08/mysite7/mysite7
writing pidfile to uwsgi.pid
detected binary path: /usr/local/bin/uwsgi
!!! no internal routing support, rebuild with pcre support !!!
chdir() to /home/tarena/tedu/vip/day08/mysite7
your processes number limit is 15358
your memory page size is 4096 bytes
detected max file descriptor number: 1024
lock engine: pthread robust mutexes
thunder lock: disabled (you can enable it with --thunder-lock)
probably another instance of uWSGI is running on the same address (127.0.0.1:8000).
bind(): Address already in use [core/socket.c line 769]
Wed Aug 19 00:58:48 2020 - uWSGI worker 1 screams: UAAAAAAH my master disconnected: i will kill myself !!!
Wed Aug 19 00:58:48 2020 - uWSGI worker 1 screams: UAAAAAAH my master disconnected: i will kill myself !!!
*** Starting uWSGI 2.0.18 (64bit) on [Wed Aug 19 09:24:49 2020] ***
compiled with version: 7.4.0 on 29 December 2019 14:48:00
os: Linux-5.4.0-42-generic #46~18.04.1-Ubuntu SMP Fri Jul 10 07:21:24 UTC 2020
nodename: tedu
machine: x86_64
clock source: unix
detected number of CPU cores: 2
current working directory: /home/tarena/tedu/vip/day08/mysite7/mysite7
writing pidfile to uwsgi.pid
detected binary path: /usr/local/bin/uwsgi
!!! no internal routing support, rebuild with pcre support !!!
chdir() to /home/tarena/tedu/vip/day08/mysite7
your processes number limit is 15358
your memory page size is 4096 bytes
detected max file descriptor number: 1024
lock engine: pthread robust mutexes
thunder lock: disabled (you can enable it with --thunder-lock)
uwsgi socket 0 bound to TCP address 127.0.0.1:8000 fd 3
Python version: 3.6.9 (default, Jul 17 2020, 12:50:27)  [GCC 8.4.0]
Python main interpreter initialized at 0x55e37b079630
python threads support enabled
your server socket listen backlog is limited to 100 connections
your mercy for graceful operations on workers is 60 seconds
mapped 166752 bytes (162 KB) for 2 cores
*** Operational MODE: threaded ***
WSGI app 0 (mountpoint='') ready in 1 seconds on interpreter 0x55e37b079630 pid: 25086 (default app)
*** uWSGI is running in multiple interpreter mode ***
spawned uWSGI master process (pid: 25086)
spawned uWSGI worker 1 (pid: 25153, cores: 2)
MyMW process_request do ---
MyMW2 process_request do ---
MyMW process_views do ---
MyMW2 process_views do ---
MyMW2 process_response do ---
MyMW process_response do ---
[pid: 25153|app: 0|req: 1/1] 127.0.0.1 () {42 vars in 802 bytes} [Wed Aug 19 01:27:01 2020] GET /test_upload => generated 521 bytes in 91 msecs (HTTP/1.1 200) 5 headers in 291 bytes (1 switches on core 0)
MyMW process_request do ---
MyMW2 process_request do ---
MyMW process_views do ---
MyMW2 process_views do ---
MyMW2 process_response do ---
MyMW process_response do ---
[pid: 25153|app: 0|req: 2/2] 127.0.0.1 () {44 vars in 833 bytes} [Wed Aug 19 01:27:10 2020] GET /test_upload => generated 521 bytes in 6 msecs (HTTP/1.1 200) 5 headers in 291 bytes (1 switches on core 1)
Wed Aug 19 06:21:34 2020 - uWSGI worker 1 screams: UAAAAAAH my master disconnected: i will kill myself !!!
Wed Aug 19 06:21:34 2020 - uWSGI worker 1 screams: UAAAAAAH my master disconnected: i will kill myself !!!
*** Starting uWSGI 2.0.18 (64bit) on [Wed Aug 19 18:14:44 2020] ***
compiled with version: 7.4.0 on 29 December 2019 14:48:00
os: Linux-5.4.0-42-generic #46~18.04.1-Ubuntu SMP Fri Jul 10 07:21:24 UTC 2020
nodename: tedu
machine: x86_64
clock source: unix
detected number of CPU cores: 2
current working directory: /home/tarena/tedu/vip/day08/mysite7/mysite7
writing pidfile to uwsgi.pid
detected binary path: /usr/local/bin/uwsgi
!!! no internal routing support, rebuild with pcre support !!!
chdir() to /home/tarena/tedu/vip/day08/mysite7
your processes number limit is 15358
your memory page size is 4096 bytes
detected max file descriptor number: 1024
lock engine: pthread robust mutexes
thunder lock: disabled (you can enable it with --thunder-lock)
uwsgi socket 0 bound to TCP address 127.0.0.1:8000 fd 3
Python version: 3.6.9 (default, Jul 17 2020, 12:50:27)  [GCC 8.4.0]
Python main interpreter initialized at 0x557b0d4f8630
python threads support enabled
your server socket listen backlog is limited to 100 connections
your mercy for graceful operations on workers is 60 seconds
mapped 166752 bytes (162 KB) for 2 cores
*** Operational MODE: threaded ***
WSGI app 0 (mountpoint='') ready in 0 seconds on interpreter 0x557b0d4f8630 pid: 29933 (default app)
*** uWSGI is running in multiple interpreter mode ***
spawned uWSGI master process (pid: 29933)
spawned uWSGI worker 1 (pid: 29968, cores: 2)
MyMW process_request do ---
MyMW2 process_request do ---
MyMW2 process_response do ---
MyMW process_response do ---
Not Found: /
[pid: 29968|app: 0|req: 1/1] 127.0.0.1 () {44 vars in 811 bytes} [Wed Aug 19 10:14:51 2020] GET / => generated 2811 bytes in 360 msecs (HTTP/1.1 404) 3 headers in 102 bytes (1 switches on core 0)
MyMW process_request do ---
MyMW2 process_request do ---
MyMW process_views do ---
MyMW2 process_views do ---
MyMW2 process_response do ---
MyMW process_response do ---
[pid: 29968|app: 0|req: 2/2] 127.0.0.1 () {42 vars in 792 bytes} [Wed Aug 19 10:22:42 2020] GET /admin/ => generated 0 bytes in 132 msecs (HTTP/1.1 302) 7 headers in 336 bytes (1 switches on core 1)
MyMW process_request do ---
MyMW2 process_request do ---
MyMW process_views do ---
MyMW2 process_views do ---
MyMW2 process_response do ---
MyMW process_response do ---
[pid: 29968|app: 0|req: 3/3] 127.0.0.1 () {42 vars in 785 bytes} [Wed Aug 19 10:22:43 2020] GET /admin/login/?next=/admin/ => generated 1819 bytes in 97 msecs (HTTP/1.1 200) 7 headers in 395 bytes (1 switches on core 0)
MyMW process_request do ---
MyMW2 process_request do ---
MyMW2 process_response do ---
MyMW process_response do ---
Not Found: /
[pid: 29968|app: 0|req: 4/4] 127.0.0.1 () {42 vars in 736 bytes} [Wed Aug 19 10:22:50 2020] GET / => generated 2811 bytes in 19 msecs (HTTP/1.1 404) 3 headers in 102 bytes (1 switches on core 1)
MyMW process_request do ---
MyMW2 process_request do ---
MyMW process_views do ---
MyMW2 process_views do ---
MyMW2 process_response do ---
MyMW process_response do ---
[pid: 29968|app: 0|req: 5/5] 127.0.0.1 () {42 vars in 758 bytes} [Wed Aug 19 10:31:55 2020] GET /test_upload => generated 521 bytes in 11 msecs (HTTP/1.1 200) 5 headers in 291 bytes (1 switches on core 0)
SIGINT/SIGQUIT received...killing workers...
worker 1 buried after 1 seconds
goodbye to uWSGI.
*** Starting uWSGI 2.0.18 (64bit) on [Wed Aug 19 18:33:08 2020] ***
compiled with version: 7.4.0 on 29 December 2019 14:48:00
os: Linux-5.4.0-42-generic #46~18.04.1-Ubuntu SMP Fri Jul 10 07:21:24 UTC 2020
nodename: tedu
machine: x86_64
clock source: unix
detected number of CPU cores: 2
current working directory: /home/tarena/tedu/vip/day08/mysite7/mysite7
writing pidfile to uwsgi.pid
detected binary path: /usr/local/bin/uwsgi
!!! no internal routing support, rebuild with pcre support !!!
chdir() to /home/tarena/tedu/vip/day08/mysite7
your processes number limit is 15358
your memory page size is 4096 bytes
detected max file descriptor number: 1024
lock engine: pthread robust mutexes
thunder lock: disabled (you can enable it with --thunder-lock)
uwsgi socket 0 bound to TCP address 127.0.0.1:8000 fd 3
Python version: 3.6.9 (default, Jul 17 2020, 12:50:27)  [GCC 8.4.0]
Python main interpreter initialized at 0x563af48d4630
python threads support enabled
your server socket listen backlog is limited to 100 connections
your mercy for graceful operations on workers is 60 seconds
mapped 166752 bytes (162 KB) for 2 cores
*** Operational MODE: threaded ***
WSGI app 0 (mountpoint='') ready in 0 seconds on interpreter 0x563af48d4630 pid: 31756 (default app)
*** uWSGI is running in multiple interpreter mode ***
spawned uWSGI master process (pid: 31756)
spawned uWSGI worker 1 (pid: 31791, cores: 2)
MyMW process_request do ---
MyMW2 process_request do ---
MyMW process_views do ---
MyMW2 process_views do ---
MyMW2 process_response do ---
MyMW process_response do ---
[pid: 31791|app: 0|req: 1/1] 127.0.0.1 () {44 vars in 789 bytes} [Wed Aug 19 10:33:13 2020] GET /test_upload => generated 521 bytes in 59 msecs (HTTP/1.1 200) 5 headers in 291 bytes (1 switches on core 0)
MyMW process_request do ---
MyMW2 process_request do ---
MyMW process_views do ---
MyMW2 process_views do ---
MyMW2 process_response do ---
MyMW process_response do ---
[pid: 31791|app: 0|req: 2/2] 127.0.0.1 () {42 vars in 748 bytes} [Wed Aug 19 10:37:39 2020] GET /admin/ => generated 0 bytes in 47 msecs (HTTP/1.1 302) 7 headers in 265 bytes (1 switches on core 1)
MyMW process_request do ---
MyMW2 process_request do ---
MyMW process_views do ---
MyMW2 process_views do ---
MyMW2 process_response do ---
MyMW process_response do ---
[pid: 31791|app: 0|req: 3/3] 127.0.0.1 () {42 vars in 785 bytes} [Wed Aug 19 10:37:39 2020] GET /admin/login/?next=/admin/ => generated 1819 bytes in 68 msecs (HTTP/1.1 200) 7 headers in 395 bytes (1 switches on core 0)
MyMW process_request do ---
MyMW2 process_request do ---
MyMW process_views do ---
MyMW2 process_views do ---
MyMW2 process_response do ---
MyMW process_response do ---
[pid: 31791|app: 0|req: 4/4] 127.0.0.1 () {44 vars in 816 bytes} [Wed Aug 19 10:52:21 2020] GET /admin/login/?next=/admin/ => generated 1819 bytes in 43 msecs (HTTP/1.1 200) 7 headers in 395 bytes (1 switches on core 1)
MyMW process_request do ---
MyMW2 process_request do ---
MyMW process_views do ---
MyMW2 process_views do ---
MyMW2 process_response do ---
MyMW process_response do ---
[pid: 31791|app: 0|req: 5/5] 127.0.0.1 () {44 vars in 816 bytes} [Wed Aug 19 10:52:32 2020] GET /admin/login/?next=/admin/ => generated 1819 bytes in 27 msecs (HTTP/1.1 200) 7 headers in 395 bytes (1 switches on core 0)
MyMW process_request do ---
MyMW2 process_request do ---
MyMW process_views do ---
MyMW2 process_views do ---
MyMW2 process_response do ---
MyMW process_response do ---
[pid: 31791|app: 0|req: 6/6] 127.0.0.1 () {46 vars in 838 bytes} [Wed Aug 19 10:52:47 2020] GET /admin/login/?next=/admin/ => generated 1819 bytes in 31 msecs (HTTP/1.1 200) 7 headers in 395 bytes (1 switches on core 1)
MyMW process_request do ---
MyMW2 process_request do ---
MyMW2 process_response do ---
MyMW process_response do ---
Not Found: /favicon.ico
[pid: 31791|app: 0|req: 7/7] 127.0.0.1 () {44 vars in 716 bytes} [Wed Aug 19 10:52:47 2020] GET /favicon.ico => generated 2862 bytes in 21 msecs (HTTP/1.1 404) 3 headers in 102 bytes (1 switches on core 0)
MyMW process_request do ---
MyMW2 process_request do ---
MyMW2 process_response do ---
MyMW process_response do ---
Not Found: /
[pid: 31791|app: 0|req: 8/8] 127.0.0.1 () {46 vars in 789 bytes} [Wed Aug 19 10:54:38 2020] GET / => generated 2811 bytes in 17 msecs (HTTP/1.1 404) 3 headers in 102 bytes (1 switches on core 1)
MyMW process_request do ---
MyMW2 process_request do ---
MyMW2 process_response do ---
MyMW process_response do ---
Not Found: /favicon.ico
[pid: 31791|app: 0|req: 9/9] 127.0.0.1 () {44 vars in 716 bytes} [Wed Aug 19 10:54:39 2020] GET /favicon.ico => generated 2862 bytes in 18 msecs (HTTP/1.1 404) 3 headers in 102 bytes (1 switches on core 0)
